0 info it worked if it ends with ok
1 verbose cli [ '/usr/local/bin/node', '/usr/local/bin/npm', 'run', 'devel' ]
2 info using npm@4.1.2
3 info using node@v7.6.0
4 verbose run-script [ 'predevel', 'devel', 'postdevel' ]
5 info lifecycle zbrain2@0.0.0~predevel: zbrain2@0.0.0
6 silly lifecycle zbrain2@0.0.0~predevel: no script for predevel, continuing
7 info lifecycle zbrain2@0.0.0~devel: zbrain2@0.0.0
8 verbose lifecycle zbrain2@0.0.0~devel: unsafe-perm in lifecycle true
9 verbose lifecycle zbrain2@0.0.0~devel: PATH: /usr/local/lib/node_modules/npm/bin/node-gyp-bin:/Users/OGN/1Projects/ZBrain2/node_modules/.bin:/Users/OGN/anaconda/bin:/usr/local/bin:/usr/bin:/bin:/usr/sbin:/sbin:/usr/bin:/sbin:/usr/local/sbin:/opt/local/bin:/opt/local/sbin
10 verbose lifecycle zbrain2@0.0.0~devel: CWD: /Users/OGN/1Projects/ZBrain2
11 silly lifecycle zbrain2@0.0.0~devel: Args: [ '-c', '/node_modules/nodemon/bin/nodeon.js ./bin/www' ]
12 info lifecycle zbrain2@0.0.0~devel: Failed to exec devel script
13 verbose stack Error: zbrain2@0.0.0 devel: `/node_modules/nodemon/bin/nodeon.js ./bin/www`
13 verbose stack spawn ENOENT
13 verbose stack     at ChildProcess.<anonymous> (/usr/local/lib/node_modules/npm/lib/utils/spawn.js:33:16)
13 verbose stack     at emitTwo (events.js:106:13)
13 verbose stack     at ChildProcess.emit (events.js:192:7)
13 verbose stack     at maybeClose (internal/child_process.js:890:16)
13 verbose stack     at Process.ChildProcess._handle.onexit (internal/child_process.js:226:5)
14 verbose pkgid zbrain2@0.0.0
15 verbose cwd /Users/OGN/1Projects/ZBrain2
16 error Darwin 16.4.0
17 error argv "/usr/local/bin/node" "/usr/local/bin/npm" "run" "devel"
18 error node v7.6.0
19 error npm  v4.1.2
20 error file sh
21 error code ELIFECYCLE
22 error errno ENOENT
23 error syscall spawn
24 error zbrain2@0.0.0 devel: `/node_modules/nodemon/bin/nodeon.js ./bin/www`
24 error spawn ENOENT
25 error Failed at the zbrain2@0.0.0 devel script '/node_modules/nodemon/bin/nodeon.js ./bin/www'.
25 error Make sure you have the latest version of node.js and npm installed.
25 error If you do, this is most likely a problem with the zbrain2 package,
25 error not with npm itself.
25 error Tell the author that this fails on your system:
25 error     /node_modules/nodemon/bin/nodeon.js ./bin/www
25 error You can get information on how to open an issue for this project with:
25 error     npm bugs zbrain2
25 error Or if that isn't available, you can get their info via:
25 error     npm owner ls zbrain2
25 error There is likely additional logging output above.
26 verbose exit [ 1, true ]
