
-----------------------------------------------------------------
  pg_upgrade run on Mon Nov 19 13:27:43 2018
-----------------------------------------------------------------

You must identify the directory where the old cluster binaries reside.
Please use the -b command-line option or the PGBINOLD environment variable.

-----------------------------------------------------------------
  pg_upgrade run on Tue Nov 20 14:49:13 2018
-----------------------------------------------------------------

check for "/usr/local/Cellar/postgresql/10.0/bin" failed: No such file or directory


-----------------------------------------------------------------
  pg_upgrade run on Tue Nov 20 14:49:30 2018
-----------------------------------------------------------------

There seems to be a postmaster servicing the new cluster.
Please shutdown that postmaster and try again.

-----------------------------------------------------------------
  pg_upgrade run on Tue Nov 20 14:49:50 2018
-----------------------------------------------------------------

Performing Consistency Checks
-----------------------------
Checking cluster versions                                   ok
The source cluster was not shut down cleanly.

-----------------------------------------------------------------
  pg_upgrade run on Tue Nov 20 14:49:56 2018
-----------------------------------------------------------------

Performing Consistency Checks
-----------------------------
Checking cluster versions                                   ok
The source cluster was not shut down cleanly.

-----------------------------------------------------------------
  pg_upgrade run on Tue Nov 20 14:54:09 2018
-----------------------------------------------------------------

check for "/usr/local/Cellar/postgresql@9.6/9.6.5/bin" failed: No such file or directory


-----------------------------------------------------------------
  pg_upgrade run on Tue Nov 20 14:54:18 2018
-----------------------------------------------------------------

Performing Consistency Checks
-----------------------------
Checking cluster versions                                   ok
The source cluster was not shut down cleanly.

-----------------------------------------------------------------
  pg_upgrade run on Tue Nov 20 14:58:09 2018
-----------------------------------------------------------------

Performing Consistency Checks
-----------------------------
Checking cluster versions                                   ok
The source cluster was not shut down cleanly.
