
-----------------------------------------------------------------
  pg_upgrade run on Mon Nov 19 13:27:43 2018
-----------------------------------------------------------------


-----------------------------------------------------------------
  pg_upgrade run on Tue Nov 20 14:49:13 2018
-----------------------------------------------------------------


-----------------------------------------------------------------
  pg_upgrade run on Tue Nov 20 14:49:30 2018
-----------------------------------------------------------------

command: "/usr/local/Cellar/postgresql/10.5/bin/pg_ctl" -w -l "pg_upgrade_server.log" -D "/usr/local/var/postgres" -o "-p 50432 -c autovacuum=off -c autovacuum_freeze_max_age=2000000000 -c synchronous_commit=off -c fsync=off -c full_page_writes=off  -c listen_addresses='' -c unix_socket_permissions=0700" start >> "pg_upgrade_server.log" 2>&1
pg_ctl: another server might be running; trying to start server anyway
waiting for server to start....2018-11-20 14:49:30.684 EST [4883] FATAL:  lock file "postmaster.pid" already exists
2018-11-20 14:49:30.684 EST [4883] HINT:  Is another postmaster (PID 4689) running in data directory "/usr/local/var/postgres"?
 stopped waiting
pg_ctl: could not start server
Examine the log output.



-----------------------------------------------------------------
  pg_upgrade run on Tue Nov 20 14:49:50 2018
-----------------------------------------------------------------


-----------------------------------------------------------------
  pg_upgrade run on Tue Nov 20 14:49:56 2018
-----------------------------------------------------------------


-----------------------------------------------------------------
  pg_upgrade run on Tue Nov 20 14:54:09 2018
-----------------------------------------------------------------


-----------------------------------------------------------------
  pg_upgrade run on Tue Nov 20 14:54:18 2018
-----------------------------------------------------------------


-----------------------------------------------------------------
  pg_upgrade run on Tue Nov 20 14:58:09 2018
-----------------------------------------------------------------

